<?xml version="1.0" encoding="UTF-8"?>
<!-- Generated by org.testng.reporters.JUnitReportReporter -->
<testsuite hostname="DESKTOP-143KCPS" failures="0" tests="1" name="com.inetbanking.testCases.TC_AddCustomerTest_003" time="22.939" errors="0" timestamp="2024-11-02T12:50:27 IST" skipped="0">
  <testcase classname="com.inetbanking.testCases.TC_AddCustomerTest_003" name="addNewCustomer" time="22.939"/>
</testsuite> <!-- com.inetbanking.testCases.TC_AddCustomerTest_003 -->
